app/build/intermediates/manifest_merge_blame_file/debug/manifest-merger-blame-debug-report.txt
1<?xml version="1.0" encoding="utf-8"?>
2<manifest xmlns:android="http://schemas.android.com/apk/res/android"
3    package="com.example.whatsapp"
4    android:versionCode="1"
5    android:versionName="1.0" >
6
7    <uses-sdk
8        android:minSdkVersion="19"
8-->src/main/AndroidManifest.xml
9        android:targetSdkVersion="29" />
9-->src/main/AndroidManifest.xml
10
11    <uses-permission android:name="android.permission.INTERNET" />
11-->src/main/AndroidManifest.xml:5:5-67
11-->src/main/AndroidManifest.xml:5:22-64
12    <uses-permission android:name="android.permission.READ_EXTERNAL_STORAGE" />
12-->src/main/AndroidManifest.xml:6:5-80
12-->src/main/AndroidManifest.xml:6:22-77
13    <uses-permission android:name="android.permission.WRITE_EXTERNAL_STORAGE" />
13-->src/main/AndroidManifest.xml:7:5-81
13-->src/main/AndroidManifest.xml:7:22-78
14
15    <!-- Although the *SdkVersion is captured in gradle build files, this is required for non gradle builds -->
16    <!-- <uses-sdk android:minSdkVersion="14"/> -->
17    <uses-permission android:name="android.permission.ACCESS_NETWORK_STATE" />
17-->[com.google.firebase:firebase-storage:17.0.0] AndroidManifest.xml:26:5-79
17-->[com.google.firebase:firebase-storage:17.0.0] AndroidManifest.xml:26:22-76
18    <uses-permission android:name="android.permission.WAKE_LOCK" /> <!-- Required by older versions of Google Play services to create IID tokens -->
18-->[com.google.android.gms:play-services-measurement-api:17.0.0] AndroidManifest.xml:24:5-68
18-->[com.google.android.gms:play-services-measurement-api:17.0.0] AndroidManifest.xml:24:22-65
19    <uses-permission android:name="com.google.android.c2dm.permission.RECEIVE" />
19-->[com.google.firebase:firebase-iid:20.0.2] AndroidManifest.xml:26:5-82
19-->[com.google.firebase:firebase-iid:20.0.2] AndroidManifest.xml:26:22-79
20    <uses-permission android:name="com.google.android.finsky.permission.BIND_GET_INSTALL_REFERRER_SERVICE" />
20-->[com.google.android.gms:play-services-measurement:17.0.0] AndroidManifest.xml:26:5-110
20-->[com.google.android.gms:play-services-measurement:17.0.0] AndroidManifest.xml:26:22-107
21
22    <application
22-->src/main/AndroidManifest.xml:9:5-39:19
23        android:allowBackup="true"
23-->src/main/AndroidManifest.xml:10:9-35
24        android:appComponentFactory="androidx.core.app.CoreComponentFactory"
24-->[androidx.core:core:1.0.1] AndroidManifest.xml:22:18-86
25        android:debuggable="true"
26        android:icon="@mipmap/ic_launcher"
26-->src/main/AndroidManifest.xml:11:9-43
27        android:label="@string/app_name"
27-->src/main/AndroidManifest.xml:12:9-41
28        android:roundIcon="@mipmap/ic_launcher_round"
28-->src/main/AndroidManifest.xml:13:9-54
29        android:supportsRtl="true"
29-->src/main/AndroidManifest.xml:14:9-35
30        android:testOnly="true"
31        android:theme="@style/AppTheme" >
31-->src/main/AndroidManifest.xml:15:9-40
32        <activity android:name="com.example.whatsapp.Custom_Chat_Activity" />
32-->src/main/AndroidManifest.xml:16:9-67
32-->src/main/AndroidManifest.xml:16:19-55
33        <activity android:name="com.example.whatsapp.ChatActivity" />
33-->src/main/AndroidManifest.xml:17:9-50
33-->src/main/AndroidManifest.xml:17:19-47
34        <activity android:name="com.example.whatsapp.ProfileActivity" />
34-->src/main/AndroidManifest.xml:18:9-53
34-->src/main/AndroidManifest.xml:18:19-50
35        <activity
35-->src/main/AndroidManifest.xml:19:9-21:58
36            android:name="com.example.whatsapp.FindFriendsActivity"
36-->src/main/AndroidManifest.xml:20:13-48
37            android:parentActivityName="com.example.whatsapp.MainActivity" />
37-->src/main/AndroidManifest.xml:21:13-55
38        <activity android:name="com.example.whatsapp.Phone_Login_Activity" />
38-->src/main/AndroidManifest.xml:22:9-58
38-->src/main/AndroidManifest.xml:22:19-55
39        <activity android:name="com.example.whatsapp.GroupChatActivity" />
39-->src/main/AndroidManifest.xml:23:9-55
39-->src/main/AndroidManifest.xml:23:19-52
40        <activity
40-->src/main/AndroidManifest.xml:24:9-26:58
41            android:name="com.example.whatsapp.SettingsActivity"
41-->src/main/AndroidManifest.xml:25:13-45
42            android:parentActivityName="com.example.whatsapp.MainActivity" />
42-->src/main/AndroidManifest.xml:26:13-55
43        <activity android:name="com.example.whatsapp.RegisterActivity" />
43-->src/main/AndroidManifest.xml:27:9-54
43-->src/main/AndroidManifest.xml:27:19-51
44        <activity
44-->src/main/AndroidManifest.xml:28:9-30:59
45            android:name="com.theartofdev.edmodo.cropper.CropImageActivity"
45-->src/main/AndroidManifest.xml:29:13-76
46            android:theme="@style/Base.Theme.AppCompat" />
46-->src/main/AndroidManifest.xml:30:13-56
47        <activity android:name="com.example.whatsapp.LoginActivity" />
47-->src/main/AndroidManifest.xml:31:9-51
47-->src/main/AndroidManifest.xml:31:19-48
48        <activity android:name="com.example.whatsapp.MainActivity" >
48-->src/main/AndroidManifest.xml:32:9-38:20
48-->src/main/AndroidManifest.xml:32:19-47
49            <intent-filter>
49-->src/main/AndroidManifest.xml:33:13-37:29
50                <action android:name="android.intent.action.MAIN" />
50-->src/main/AndroidManifest.xml:34:17-69
50-->src/main/AndroidManifest.xml:34:25-66
51
52                <category android:name="android.intent.category.LAUNCHER" />
52-->src/main/AndroidManifest.xml:36:17-77
52-->src/main/AndroidManifest.xml:36:27-74
53            </intent-filter>
54        </activity>
55        <activity
55-->[com.google.firebase:firebase-auth:17.0.0] AndroidManifest.xml:24:9-31:50
56            android:name="com.google.firebase.auth.internal.FederatedSignInActivity"
56-->[com.google.firebase:firebase-auth:17.0.0] AndroidManifest.xml:25:13-85
57            android:excludeFromRecents="true"
57-->[com.google.firebase:firebase-auth:17.0.0] AndroidManifest.xml:26:13-46
58            android:exported="true"
58-->[com.google.firebase:firebase-auth:17.0.0] AndroidManifest.xml:27:13-36
59            android:launchMode="singleTask"
59-->[com.google.firebase:firebase-auth:17.0.0] AndroidManifest.xml:28:13-44
60            android:permission="com.google.firebase.auth.api.gms.permission.LAUNCH_FEDERATED_SIGN_IN"
60-->[com.google.firebase:firebase-auth:17.0.0] AndroidManifest.xml:29:13-102
61            android:theme="@android:style/Theme.Translucent.NoTitleBar" />
61-->[com.google.firebase:firebase-auth:17.0.0] AndroidManifest.xml:30:13-72
62
63        <service
63-->[com.google.firebase:firebase-auth:17.0.0] AndroidManifest.xml:33:9-39:19
64            android:name="com.google.firebase.components.ComponentDiscoveryService"
64-->[com.google.firebase:firebase-auth:17.0.0] AndroidManifest.xml:34:13-84
65            android:directBootAware="true"
65-->[com.google.firebase:firebase-common:19.3.0] AndroidManifest.xml:34:13-43
66            android:exported="false" >
66-->[com.google.firebase:firebase-auth:17.0.0] AndroidManifest.xml:35:13-37
67            <meta-data
67-->[com.google.firebase:firebase-auth:17.0.0] AndroidManifest.xml:36:13-38:85
68                android:name="com.google.firebase.components:com.google.firebase.auth.FirebaseAuthRegistrar"
68-->[com.google.firebase:firebase-auth:17.0.0] AndroidManifest.xml:37:17-109
69                android:value="com.google.firebase.components.ComponentRegistrar" />
69-->[com.google.firebase:firebase-auth:17.0.0] AndroidManifest.xml:38:17-82
70            <meta-data
70-->[com.google.firebase:firebase-storage:17.0.0] AndroidManifest.xml:31:13-33:85
71                android:name="com.google.firebase.components:com.google.firebase.storage.StorageRegistrar"
71-->[com.google.firebase:firebase-storage:17.0.0] AndroidManifest.xml:32:17-107
72                android:value="com.google.firebase.components.ComponentRegistrar" />
72-->[com.google.firebase:firebase-storage:17.0.0] AndroidManifest.xml:33:17-82
73            <meta-data
73-->[com.google.firebase:firebase-database:17.0.0] AndroidManifest.xml:30:13-32:85
74                android:name="com.google.firebase.components:com.google.firebase.database.DatabaseRegistrar"
74-->[com.google.firebase:firebase-database:17.0.0] AndroidManifest.xml:31:17-109
75                android:value="com.google.firebase.components.ComponentRegistrar" />
75-->[com.google.firebase:firebase-database:17.0.0] AndroidManifest.xml:32:17-82
76            <meta-data
76-->[com.google.firebase:firebase-messaging:20.1.0] AndroidManifest.xml:38:13-40:85
77                android:name="com.google.firebase.components:com.google.firebase.messaging.FirebaseMessagingRegistrar"
77-->[com.google.firebase:firebase-messaging:20.1.0] AndroidManifest.xml:39:17-119
78                android:value="com.google.firebase.components.ComponentRegistrar" />
78-->[com.google.firebase:firebase-messaging:20.1.0] AndroidManifest.xml:40:17-82
79            <meta-data
79-->[com.google.firebase:firebase-datatransport:17.0.3] AndroidManifest.xml:28:13-30:85
80                android:name="com.google.firebase.components:com.google.firebase.datatransport.TransportRegistrar"
80-->[com.google.firebase:firebase-datatransport:17.0.3] AndroidManifest.xml:29:17-115
81                android:value="com.google.firebase.components.ComponentRegistrar" />
81-->[com.google.firebase:firebase-datatransport:17.0.3] AndroidManifest.xml:30:17-82
82            <meta-data
82-->[com.google.android.gms:play-services-measurement-api:17.0.0] AndroidManifest.xml:30:13-32:85
83                android:name="com.google.firebase.components:com.google.firebase.analytics.connector.internal.AnalyticsConnectorRegistrar"
83-->[com.google.android.gms:play-services-measurement-api:17.0.0] AndroidManifest.xml:31:17-139
84                android:value="com.google.firebase.components.ComponentRegistrar" />
84-->[com.google.android.gms:play-services-measurement-api:17.0.0] AndroidManifest.xml:32:17-82
85            <meta-data
85-->[com.google.firebase:firebase-iid:20.0.2] AndroidManifest.xml:32:13-34:85
86                android:name="com.google.firebase.components:com.google.firebase.iid.Registrar"
86-->[com.google.firebase:firebase-iid:20.0.2] AndroidManifest.xml:33:17-96
87                android:value="com.google.firebase.components.ComponentRegistrar" />
87-->[com.google.firebase:firebase-iid:20.0.2] AndroidManifest.xml:34:17-82
88        </service>
89
90        <provider
90-->[com.squareup.picasso:picasso:2.71828] AndroidManifest.xml:8:9-11:40
91            android:name="com.squareup.picasso.PicassoProvider"
91-->[com.squareup.picasso:picasso:2.71828] AndroidManifest.xml:9:13-64
92            android:authorities="com.example.whatsapp.com.squareup.picasso"
92-->[com.squareup.picasso:picasso:2.71828] AndroidManifest.xml:10:13-72
93            android:exported="false" />
93-->[com.squareup.picasso:picasso:2.71828] AndroidManifest.xml:11:13-37
94        <!--
95             FirebaseMessagingService performs security checks at runtime,
96             but set to not exported to explicitly avoid allowing another app to call it.
97        -->
98        <service
98-->[com.google.firebase:firebase-messaging:20.1.0] AndroidManifest.xml:28:9-34:19
99            android:name="com.google.firebase.messaging.FirebaseMessagingService"
99-->[com.google.firebase:firebase-messaging:20.1.0] AndroidManifest.xml:29:13-82
100            android:exported="false" >
100-->[com.google.firebase:firebase-messaging:20.1.0] AndroidManifest.xml:30:13-37
101            <intent-filter android:priority="-500" >
101-->[com.google.firebase:firebase-messaging:20.1.0] AndroidManifest.xml:31:13-33:29
101-->[com.google.firebase:firebase-messaging:20.1.0] AndroidManifest.xml:31:28-51
102                <action android:name="com.google.firebase.MESSAGING_EVENT" />
102-->[com.google.firebase:firebase-messaging:20.1.0] AndroidManifest.xml:32:17-78
102-->[com.google.firebase:firebase-messaging:20.1.0] AndroidManifest.xml:32:25-75
103            </intent-filter>
104        </service>
105
106        <receiver
106-->[com.google.firebase:firebase-iid:20.0.2] AndroidManifest.xml:37:9-44:20
107            android:name="com.google.firebase.iid.FirebaseInstanceIdReceiver"
107-->[com.google.firebase:firebase-iid:20.0.2] AndroidManifest.xml:38:13-78
108            android:exported="true"
108-->[com.google.firebase:firebase-iid:20.0.2] AndroidManifest.xml:39:13-36
109            android:permission="com.google.android.c2dm.permission.SEND" >
109-->[com.google.firebase:firebase-iid:20.0.2] AndroidManifest.xml:40:13-73
110            <intent-filter>
110-->[com.google.firebase:firebase-iid:20.0.2] AndroidManifest.xml:41:13-43:29
111                <action android:name="com.google.android.c2dm.intent.RECEIVE" />
111-->[com.google.firebase:firebase-iid:20.0.2] AndroidManifest.xml:42:17-81
111-->[com.google.firebase:firebase-iid:20.0.2] AndroidManifest.xml:42:25-78
112            </intent-filter>
113        </receiver>
114
115        <provider
115-->[com.google.firebase:firebase-common:19.3.0] AndroidManifest.xml:26:9-30:39
116            android:name="com.google.firebase.provider.FirebaseInitProvider"
116-->[com.google.firebase:firebase-common:19.3.0] AndroidManifest.xml:27:13-77
117            android:authorities="com.example.whatsapp.firebaseinitprovider"
117-->[com.google.firebase:firebase-common:19.3.0] AndroidManifest.xml:28:13-72
118            android:exported="false"
118-->[com.google.firebase:firebase-common:19.3.0] AndroidManifest.xml:29:13-37
119            android:initOrder="100" />
119-->[com.google.firebase:firebase-common:19.3.0] AndroidManifest.xml:30:13-36
120
121        <activity
121-->[com.google.android.gms:play-services-base:17.0.0] AndroidManifest.xml:23:9-26:75
122            android:name="com.google.android.gms.common.api.GoogleApiActivity"
122-->[com.google.android.gms:play-services-base:17.0.0] AndroidManifest.xml:24:13-79
123            android:exported="false"
123-->[com.google.android.gms:play-services-base:17.0.0] AndroidManifest.xml:25:13-37
124            android:theme="@android:style/Theme.Translucent.NoTitleBar" />
124-->[com.google.android.gms:play-services-base:17.0.0] AndroidManifest.xml:26:13-72
125
126        <receiver
126-->[com.google.android.gms:play-services-measurement:17.0.0] AndroidManifest.xml:29:9-33:20
127            android:name="com.google.android.gms.measurement.AppMeasurementReceiver"
127-->[com.google.android.gms:play-services-measurement:17.0.0] AndroidManifest.xml:30:13-85
128            android:enabled="true"
128-->[com.google.android.gms:play-services-measurement:17.0.0] AndroidManifest.xml:31:13-35
129            android:exported="false" >
129-->[com.google.android.gms:play-services-measurement:17.0.0] AndroidManifest.xml:32:13-37
130        </receiver>
131        <receiver
131-->[com.google.android.gms:play-services-measurement:17.0.0] AndroidManifest.xml:34:9-42:20
132            android:name="com.google.android.gms.measurement.AppMeasurementInstallReferrerReceiver"
132-->[com.google.android.gms:play-services-measurement:17.0.0] AndroidManifest.xml:35:13-100
133            android:enabled="true"
133-->[com.google.android.gms:play-services-measurement:17.0.0] AndroidManifest.xml:36:13-35
134            android:exported="true"
134-->[com.google.android.gms:play-services-measurement:17.0.0] AndroidManifest.xml:37:13-36
135            android:permission="android.permission.INSTALL_PACKAGES" >
135-->[com.google.android.gms:play-services-measurement:17.0.0] AndroidManifest.xml:38:13-69
136            <intent-filter>
136-->[com.google.android.gms:play-services-measurement:17.0.0] AndroidManifest.xml:39:13-41:29
137                <action android:name="com.android.vending.INSTALL_REFERRER" />
137-->[com.google.android.gms:play-services-measurement:17.0.0] AndroidManifest.xml:40:17-79
137-->[com.google.android.gms:play-services-measurement:17.0.0] AndroidManifest.xml:40:25-76
138            </intent-filter>
139        </receiver>
140
141        <service
141-->[com.google.android.gms:play-services-measurement:17.0.0] AndroidManifest.xml:44:9-47:40
142            android:name="com.google.android.gms.measurement.AppMeasurementService"
142-->[com.google.android.gms:play-services-measurement:17.0.0] AndroidManifest.xml:45:13-84
143            android:enabled="true"
143-->[com.google.android.gms:play-services-measurement:17.0.0] AndroidManifest.xml:46:13-35
144            android:exported="false" />
144-->[com.google.android.gms:play-services-measurement:17.0.0] AndroidManifest.xml:47:13-37
145        <service
145-->[com.google.android.gms:play-services-measurement:17.0.0] AndroidManifest.xml:48:9-52:72
146            android:name="com.google.android.gms.measurement.AppMeasurementJobService"
146-->[com.google.android.gms:play-services-measurement:17.0.0] AndroidManifest.xml:49:13-87
147            android:enabled="true"
147-->[com.google.android.gms:play-services-measurement:17.0.0] AndroidManifest.xml:50:13-35
148            android:exported="false"
148-->[com.google.android.gms:play-services-measurement:17.0.0] AndroidManifest.xml:51:13-37
149            android:permission="android.permission.BIND_JOB_SERVICE" />
149-->[com.google.android.gms:play-services-measurement:17.0.0] AndroidManifest.xml:52:13-69
150
151        <meta-data
151-->[com.google.android.gms:play-services-basement:17.0.0] AndroidManifest.xml:23:9-25:69
152            android:name="com.google.android.gms.version"
152-->[com.google.android.gms:play-services-basement:17.0.0] AndroidManifest.xml:24:13-58
153            android:value="@integer/google_play_services_version" />
153-->[com.google.android.gms:play-services-basement:17.0.0] AndroidManifest.xml:25:13-66
154
155        <service
155-->[com.google.android.datatransport:transport-backend-cct:2.2.0] AndroidManifest.xml:29:9-35:19
156            android:name="com.google.android.datatransport.runtime.backends.TransportBackendDiscovery"
156-->[com.google.android.datatransport:transport-backend-cct:2.2.0] AndroidManifest.xml:30:13-103
157            android:exported="false" >
157-->[com.google.android.datatransport:transport-backend-cct:2.2.0] AndroidManifest.xml:31:13-37
158            <meta-data
158-->[com.google.android.datatransport:transport-backend-cct:2.2.0] AndroidManifest.xml:32:13-34:39
159                android:name="backend:com.google.android.datatransport.cct.CctBackendFactory"
159-->[com.google.android.datatransport:transport-backend-cct:2.2.0] AndroidManifest.xml:33:17-94
160                android:value="cct" />
160-->[com.google.android.datatransport:transport-backend-cct:2.2.0] AndroidManifest.xml:34:17-36
161        </service>
162        <service
162-->[com.google.android.datatransport:transport-runtime:2.2.0] AndroidManifest.xml:26:9-30:19
163            android:name="com.google.android.datatransport.runtime.scheduling.jobscheduling.JobInfoSchedulerService"
163-->[com.google.android.datatransport:transport-runtime:2.2.0] AndroidManifest.xml:27:13-117
164            android:exported="false"
164-->[com.google.android.datatransport:transport-runtime:2.2.0] AndroidManifest.xml:28:13-37
165            android:permission="android.permission.BIND_JOB_SERVICE" >
165-->[com.google.android.datatransport:transport-runtime:2.2.0] AndroidManifest.xml:29:13-69
166        </service>
167
168        <receiver
168-->[com.google.android.datatransport:transport-runtime:2.2.0] AndroidManifest.xml:32:9-34:40
169            android:name="com.google.android.datatransport.runtime.scheduling.jobscheduling.AlarmManagerSchedulerBroadcastReceiver"
169-->[com.google.android.datatransport:transport-runtime:2.2.0] AndroidManifest.xml:33:13-132
170            android:exported="false" />
170-->[com.google.android.datatransport:transport-runtime:2.2.0] AndroidManifest.xml:34:13-37
171    </application>
172
173</manifest>